/!\ FAILSAFE /!\  Tue Jul 06 10:01:41 +0300 2010
  Status: 500 Internal Server Error
  no such file to load -- sqlite3
    /usr/lib/ruby/1.8/rubygems/custom_require.rb:31:in `gem_original_require'
    /usr/lib/ruby/1.8/rubygems/custom_require.rb:31:in `require'
    /home/gt/.gem/ruby/1.8/gems/activesupport-2.3.8/lib/active_support/dependencies.rb:156:in `require'
    /home/gt/.gem/ruby/1.8/gems/activesupport-2.3.8/lib/active_support/dependencies.rb:521:in `new_constants_in'
    /home/gt/.gem/ruby/1.8/gems/activesupport-2.3.8/lib/active_support/dependencies.rb:156:in `require'
    /home/gt/.gem/ruby/1.8/gems/activesupport-2.3.8/lib/active_support/core_ext/kernel/requires.rb:7:in `require_library_or_gem'
    /home/gt/.gem/ruby/1.8/gems/activesupport-2.3.8/lib/active_support/core_ext/kernel/reporting.rb:11:in `silence_warnings'
    /home/gt/.gem/ruby/1.8/gems/activesupport-2.3.8/lib/active_support/core_ext/kernel/requires.rb:5:in `require_library_or_gem'
    /home/gt/.gem/ruby/1.8/gems/activerecord-2.3.8/lib/active_record/connection_adapters/sqlite3_adapter.rb:10:in `sqlite3_connection'
    /home/gt/.gem/ruby/1.8/gems/activerecord-2.3.8/lib/active_record/connection_adapters/abstract/connection_pool.rb:223:in `send'
    /home/gt/.gem/ruby/1.8/gems/activerecord-2.3.8/lib/active_record/connection_adapters/abstract/connection_pool.rb:223:in `new_connection'
    /home/gt/.gem/ruby/1.8/gems/activerecord-2.3.8/lib/active_record/connection_adapters/abstract/connection_pool.rb:245:in `checkout_new_connection'
    /home/gt/.gem/ruby/1.8/gems/activerecord-2.3.8/lib/active_record/connection_adapters/abstract/connection_pool.rb:188:in `checkout'
    /home/gt/.gem/ruby/1.8/gems/activerecord-2.3.8/lib/active_record/connection_adapters/abstract/connection_pool.rb:184:in `loop'
    /home/gt/.gem/ruby/1.8/gems/activerecord-2.3.8/lib/active_record/connection_adapters/abstract/connection_pool.rb:184:in `checkout'
    /usr/lib/ruby/1.8/monitor.rb:242:in `synchronize'
    /home/gt/.gem/ruby/1.8/gems/activerecord-2.3.8/lib/active_record/connection_adapters/abstract/connection_pool.rb:183:in `checkout'
    /home/gt/.gem/ruby/1.8/gems/activerecord-2.3.8/lib/active_record/connection_adapters/abstract/connection_pool.rb:98:in `connection'
    /home/gt/.gem/ruby/1.8/gems/activerecord-2.3.8/lib/active_record/connection_adapters/abstract/connection_pool.rb:326:in `retrieve_connection'
    /home/gt/.gem/ruby/1.8/gems/activerecord-2.3.8/lib/active_record/connection_adapters/abstract/connection_specification.rb:123:in `retrieve_connection'
    /home/gt/.gem/ruby/1.8/gems/activerecord-2.3.8/lib/active_record/connection_adapters/abstract/connection_specification.rb:115:in `connection'
    /home/gt/.gem/ruby/1.8/gems/activerecord-2.3.8/lib/active_record/query_cache.rb:9:in `cache'
    /home/gt/.gem/ruby/1.8/gems/activerecord-2.3.8/lib/active_record/query_cache.rb:28:in `call'
    /home/gt/.gem/ruby/1.8/gems/activerecord-2.3.8/lib/active_record/connection_adapters/abstract/connection_pool.rb:361:in `call'
    /home/gt/.gem/ruby/1.8/gems/actionpack-2.3.8/lib/action_controller/string_coercion.rb:25:in `call'
    /home/gt/.gem/ruby/1.8/gems/rack-1.1.0/lib/rack/head.rb:9:in `call'
    /home/gt/.gem/ruby/1.8/gems/rack-1.1.0/lib/rack/methodoverride.rb:24:in `call'
    /home/gt/.gem/ruby/1.8/gems/actionpack-2.3.8/lib/action_controller/params_parser.rb:15:in `call'
    /home/gt/.gem/ruby/1.8/gems/actionpack-2.3.8/lib/action_controller/session/cookie_store.rb:99:in `call'
    /home/gt/.gem/ruby/1.8/gems/actionpack-2.3.8/lib/action_controller/failsafe.rb:26:in `call'
    /home/gt/.gem/ruby/1.8/gems/rack-1.1.0/lib/rack/lock.rb:11:in `call'
    /home/gt/.gem/ruby/1.8/gems/rack-1.1.0/lib/rack/lock.rb:11:in `synchronize'
    /home/gt/.gem/ruby/1.8/gems/rack-1.1.0/lib/rack/lock.rb:11:in `call'
    /home/gt/.gem/ruby/1.8/gems/actionpack-2.3.8/lib/action_controller/dispatcher.rb:114:in `call'
    /home/gt/.gem/ruby/1.8/gems/actionpack-2.3.8/lib/action_controller/reloader.rb:34:in `run'
    /home/gt/.gem/ruby/1.8/gems/actionpack-2.3.8/lib/action_controller/dispatcher.rb:108:in `call'
    /home/gt/.gem/ruby/1.8/gems/rails-2.3.8/lib/rails/rack/static.rb:31:in `call'
    /home/gt/.gem/ruby/1.8/gems/rack-1.1.0/lib/rack/urlmap.rb:47:in `call'
    /home/gt/.gem/ruby/1.8/gems/rack-1.1.0/lib/rack/urlmap.rb:41:in `each'
    /home/gt/.gem/ruby/1.8/gems/rack-1.1.0/lib/rack/urlmap.rb:41:in `call'
    /home/gt/.gem/ruby/1.8/gems/rails-2.3.8/lib/rails/rack/log_tailer.rb:17:in `call'
    /home/gt/.gem/ruby/1.8/gems/rack-1.1.0/lib/rack/content_length.rb:13:in `call'
    /home/gt/.gem/ruby/1.8/gems/rack-1.1.0/lib/rack/handler/webrick.rb:48:in `service'
    /usr/lib/ruby/1.8/webrick/httpserver.rb:104:in `service'
    /usr/lib/ruby/1.8/webrick/httpserver.rb:65:in `run'
    /usr/lib/ruby/1.8/webrick/server.rb:173:in `start_thread'
    /usr/lib/ruby/1.8/webrick/server.rb:162:in `start'
    /usr/lib/ruby/1.8/webrick/server.rb:162:in `start_thread'
    /usr/lib/ruby/1.8/webrick/server.rb:95:in `start'
    /usr/lib/ruby/1.8/webrick/server.rb:92:in `each'
    /usr/lib/ruby/1.8/webrick/server.rb:92:in `start'
    /usr/lib/ruby/1.8/webrick/server.rb:23:in `start'
    /usr/lib/ruby/1.8/webrick/server.rb:82:in `start'
    /home/gt/.gem/ruby/1.8/gems/rack-1.1.0/lib/rack/handler/webrick.rb:14:in `run'
    /home/gt/.gem/ruby/1.8/gems/rails-2.3.8/lib/commands/server.rb:111
    /usr/lib/ruby/1.8/rubygems/custom_require.rb:31:in `gem_original_require'
    /usr/lib/ruby/1.8/rubygems/custom_require.rb:31:in `require'
    script/server:3
/!\ FAILSAFE /!\  Tue Jul 06 10:02:58 +0300 2010
  Status: 500 Internal Server Error
  no such file to load -- sqlite3
    /usr/lib/ruby/1.8/rubygems/custom_require.rb:31:in `gem_original_require'
    /usr/lib/ruby/1.8/rubygems/custom_require.rb:31:in `require'
    /home/gt/.gem/ruby/1.8/gems/activesupport-2.3.8/lib/active_support/dependencies.rb:156:in `require'
    /home/gt/.gem/ruby/1.8/gems/activesupport-2.3.8/lib/active_support/dependencies.rb:521:in `new_constants_in'
    /home/gt/.gem/ruby/1.8/gems/activesupport-2.3.8/lib/active_support/dependencies.rb:156:in `require'
    /home/gt/.gem/ruby/1.8/gems/activesupport-2.3.8/lib/active_support/core_ext/kernel/requires.rb:7:in `require_library_or_gem'
    /home/gt/.gem/ruby/1.8/gems/activesupport-2.3.8/lib/active_support/core_ext/kernel/reporting.rb:11:in `silence_warnings'
    /home/gt/.gem/ruby/1.8/gems/activesupport-2.3.8/lib/active_support/core_ext/kernel/requires.rb:5:in `require_library_or_gem'
    /home/gt/.gem/ruby/1.8/gems/activerecord-2.3.8/lib/active_record/connection_adapters/sqlite3_adapter.rb:10:in `sqlite3_connection'
    /home/gt/.gem/ruby/1.8/gems/activerecord-2.3.8/lib/active_record/connection_adapters/abstract/connection_pool.rb:223:in `send'
    /home/gt/.gem/ruby/1.8/gems/activerecord-2.3.8/lib/active_record/connection_adapters/abstract/connection_pool.rb:223:in `new_connection'
    /home/gt/.gem/ruby/1.8/gems/activerecord-2.3.8/lib/active_record/connection_adapters/abstract/connection_pool.rb:245:in `checkout_new_connection'
    /home/gt/.gem/ruby/1.8/gems/activerecord-2.3.8/lib/active_record/connection_adapters/abstract/connection_pool.rb:188:in `checkout'
    /home/gt/.gem/ruby/1.8/gems/activerecord-2.3.8/lib/active_record/connection_adapters/abstract/connection_pool.rb:184:in `loop'
    /home/gt/.gem/ruby/1.8/gems/activerecord-2.3.8/lib/active_record/connection_adapters/abstract/connection_pool.rb:184:in `checkout'
    /usr/lib/ruby/1.8/monitor.rb:242:in `synchronize'
    /home/gt/.gem/ruby/1.8/gems/activerecord-2.3.8/lib/active_record/connection_adapters/abstract/connection_pool.rb:183:in `checkout'
    /home/gt/.gem/ruby/1.8/gems/activerecord-2.3.8/lib/active_record/connection_adapters/abstract/connection_pool.rb:98:in `connection'
    /home/gt/.gem/ruby/1.8/gems/activerecord-2.3.8/lib/active_record/connection_adapters/abstract/connection_pool.rb:326:in `retrieve_connection'
    /home/gt/.gem/ruby/1.8/gems/activerecord-2.3.8/lib/active_record/connection_adapters/abstract/connection_specification.rb:123:in `retrieve_connection'
    /home/gt/.gem/ruby/1.8/gems/activerecord-2.3.8/lib/active_record/connection_adapters/abstract/connection_specification.rb:115:in `connection'
    /home/gt/.gem/ruby/1.8/gems/activerecord-2.3.8/lib/active_record/query_cache.rb:9:in `cache'
    /home/gt/.gem/ruby/1.8/gems/activerecord-2.3.8/lib/active_record/query_cache.rb:28:in `call'
    /home/gt/.gem/ruby/1.8/gems/activerecord-2.3.8/lib/active_record/connection_adapters/abstract/connection_pool.rb:361:in `call'
    /home/gt/.gem/ruby/1.8/gems/actionpack-2.3.8/lib/action_controller/string_coercion.rb:25:in `call'
    /home/gt/.gem/ruby/1.8/gems/rack-1.1.0/lib/rack/head.rb:9:in `call'
    /home/gt/.gem/ruby/1.8/gems/rack-1.1.0/lib/rack/methodoverride.rb:24:in `call'
    /home/gt/.gem/ruby/1.8/gems/actionpack-2.3.8/lib/action_controller/params_parser.rb:15:in `call'
    /home/gt/.gem/ruby/1.8/gems/actionpack-2.3.8/lib/action_controller/session/cookie_store.rb:99:in `call'
    /home/gt/.gem/ruby/1.8/gems/actionpack-2.3.8/lib/action_controller/failsafe.rb:26:in `call'
    /home/gt/.gem/ruby/1.8/gems/rack-1.1.0/lib/rack/lock.rb:11:in `call'
    /home/gt/.gem/ruby/1.8/gems/rack-1.1.0/lib/rack/lock.rb:11:in `synchronize'
    /home/gt/.gem/ruby/1.8/gems/rack-1.1.0/lib/rack/lock.rb:11:in `call'
    /home/gt/.gem/ruby/1.8/gems/actionpack-2.3.8/lib/action_controller/dispatcher.rb:114:in `call'
    /home/gt/.gem/ruby/1.8/gems/actionpack-2.3.8/lib/action_controller/reloader.rb:34:in `run'
    /home/gt/.gem/ruby/1.8/gems/actionpack-2.3.8/lib/action_controller/dispatcher.rb:108:in `call'
    /home/gt/.gem/ruby/1.8/gems/rails-2.3.8/lib/rails/rack/static.rb:31:in `call'
    /home/gt/.gem/ruby/1.8/gems/rack-1.1.0/lib/rack/urlmap.rb:47:in `call'
    /home/gt/.gem/ruby/1.8/gems/rack-1.1.0/lib/rack/urlmap.rb:41:in `each'
    /home/gt/.gem/ruby/1.8/gems/rack-1.1.0/lib/rack/urlmap.rb:41:in `call'
    /home/gt/.gem/ruby/1.8/gems/rails-2.3.8/lib/rails/rack/log_tailer.rb:17:in `call'
    /home/gt/.gem/ruby/1.8/gems/rack-1.1.0/lib/rack/content_length.rb:13:in `call'
    /home/gt/.gem/ruby/1.8/gems/rack-1.1.0/lib/rack/handler/webrick.rb:48:in `service'
    /usr/lib/ruby/1.8/webrick/httpserver.rb:104:in `service'
    /usr/lib/ruby/1.8/webrick/httpserver.rb:65:in `run'
    /usr/lib/ruby/1.8/webrick/server.rb:173:in `start_thread'
    /usr/lib/ruby/1.8/webrick/server.rb:162:in `start'
    /usr/lib/ruby/1.8/webrick/server.rb:162:in `start_thread'
    /usr/lib/ruby/1.8/webrick/server.rb:95:in `start'
    /usr/lib/ruby/1.8/webrick/server.rb:92:in `each'
    /usr/lib/ruby/1.8/webrick/server.rb:92:in `start'
    /usr/lib/ruby/1.8/webrick/server.rb:23:in `start'
    /usr/lib/ruby/1.8/webrick/server.rb:82:in `start'
    /home/gt/.gem/ruby/1.8/gems/rack-1.1.0/lib/rack/handler/webrick.rb:14:in `run'
    /home/gt/.gem/ruby/1.8/gems/rails-2.3.8/lib/commands/server.rb:111
    /usr/lib/ruby/1.8/rubygems/custom_require.rb:31:in `gem_original_require'
    /usr/lib/ruby/1.8/rubygems/custom_require.rb:31:in `require'
    script/server:3


Processing Rails::InfoController#properties (for 127.0.0.1 at 2010-07-06 10:04:46) [GET]
  [4;36;1mSQL (67.2ms)[0m   [0;1m SELECT name
 FROM sqlite_master
 WHERE type = 'table' AND NOT name = 'sqlite_sequence'
[0m
Completed in 96ms (View: 4, DB: 67) | 200 OK [http://localhost/rails/info/properties]


Processing Rails::InfoController#properties (for 127.0.0.1 at 2010-07-08 12:02:14) [GET]
  [4;36;1mSQL (15.0ms)[0m   [0;1m SELECT name
 FROM sqlite_master
 WHERE type = 'table' AND NOT name = 'sqlite_sequence'
[0m
Completed in 120ms (View: 18, DB: 15) | 200 OK [http://localhost/rails/info/properties]


Processing Rails::InfoController#properties (for 127.0.0.1 at 2010-07-08 12:23:31) [GET]
  [4;36;1mSQL (0.5ms)[0m   [0;1m SELECT name
 FROM sqlite_master
 WHERE type = 'table' AND NOT name = 'sqlite_sequence'
[0m
Completed in 27ms (View: 3, DB: 0) | 200 OK [http://localhost/rails/info/properties]
/!\ FAILSAFE /!\  Thu Jul 08 13:03:13 +0300 2010
  Status: 500 Internal Server Error
  no such file to load -- sqlite3
    /usr/local/lib/site_ruby/1.8/rubygems/custom_require.rb:31:in `gem_original_require'
    /usr/local/lib/site_ruby/1.8/rubygems/custom_require.rb:31:in `require'
    /home/gt/.gem/ruby/1.8/gems/activesupport-2.3.8/lib/active_support/dependencies.rb:156:in `require'
    /home/gt/.gem/ruby/1.8/gems/activesupport-2.3.8/lib/active_support/dependencies.rb:521:in `new_constants_in'
    /home/gt/.gem/ruby/1.8/gems/activesupport-2.3.8/lib/active_support/dependencies.rb:156:in `require'
    /home/gt/.gem/ruby/1.8/gems/activesupport-2.3.8/lib/active_support/core_ext/kernel/requires.rb:7:in `require_library_or_gem'
    /home/gt/.gem/ruby/1.8/gems/activesupport-2.3.8/lib/active_support/core_ext/kernel/reporting.rb:11:in `silence_warnings'
    /home/gt/.gem/ruby/1.8/gems/activesupport-2.3.8/lib/active_support/core_ext/kernel/requires.rb:5:in `require_library_or_gem'
    /home/gt/.gem/ruby/1.8/gems/activerecord-2.3.8/lib/active_record/connection_adapters/sqlite3_adapter.rb:10:in `sqlite3_connection'
    /home/gt/.gem/ruby/1.8/gems/activerecord-2.3.8/lib/active_record/connection_adapters/abstract/connection_pool.rb:223:in `send'
    /home/gt/.gem/ruby/1.8/gems/activerecord-2.3.8/lib/active_record/connection_adapters/abstract/connection_pool.rb:223:in `new_connection'
    /home/gt/.gem/ruby/1.8/gems/activerecord-2.3.8/lib/active_record/connection_adapters/abstract/connection_pool.rb:245:in `checkout_new_connection'
    /home/gt/.gem/ruby/1.8/gems/activerecord-2.3.8/lib/active_record/connection_adapters/abstract/connection_pool.rb:188:in `checkout'
    /home/gt/.gem/ruby/1.8/gems/activerecord-2.3.8/lib/active_record/connection_adapters/abstract/connection_pool.rb:184:in `loop'
    /home/gt/.gem/ruby/1.8/gems/activerecord-2.3.8/lib/active_record/connection_adapters/abstract/connection_pool.rb:184:in `checkout'
    /usr/lib/ruby/1.8/monitor.rb:242:in `synchronize'
    /home/gt/.gem/ruby/1.8/gems/activerecord-2.3.8/lib/active_record/connection_adapters/abstract/connection_pool.rb:183:in `checkout'
    /home/gt/.gem/ruby/1.8/gems/activerecord-2.3.8/lib/active_record/connection_adapters/abstract/connection_pool.rb:98:in `connection'
    /home/gt/.gem/ruby/1.8/gems/activerecord-2.3.8/lib/active_record/connection_adapters/abstract/connection_pool.rb:326:in `retrieve_connection'
    /home/gt/.gem/ruby/1.8/gems/activerecord-2.3.8/lib/active_record/connection_adapters/abstract/connection_specification.rb:123:in `retrieve_connection'
    /home/gt/.gem/ruby/1.8/gems/activerecord-2.3.8/lib/active_record/connection_adapters/abstract/connection_specification.rb:115:in `connection'
    /home/gt/.gem/ruby/1.8/gems/activerecord-2.3.8/lib/active_record/query_cache.rb:9:in `cache'
    /home/gt/.gem/ruby/1.8/gems/activerecord-2.3.8/lib/active_record/query_cache.rb:28:in `call'
    /home/gt/.gem/ruby/1.8/gems/activerecord-2.3.8/lib/active_record/connection_adapters/abstract/connection_pool.rb:361:in `call'
    /home/gt/.gem/ruby/1.8/gems/actionpack-2.3.8/lib/action_controller/string_coercion.rb:25:in `call'
    /home/gt/.gem/ruby/1.8/gems/rack-1.1.0/lib/rack/head.rb:9:in `call'
    /home/gt/.gem/ruby/1.8/gems/rack-1.1.0/lib/rack/methodoverride.rb:24:in `call'
    /home/gt/.gem/ruby/1.8/gems/actionpack-2.3.8/lib/action_controller/params_parser.rb:15:in `call'
    /home/gt/.gem/ruby/1.8/gems/actionpack-2.3.8/lib/action_controller/session/cookie_store.rb:99:in `call'
    /home/gt/.gem/ruby/1.8/gems/actionpack-2.3.8/lib/action_controller/failsafe.rb:26:in `call'
    /home/gt/.gem/ruby/1.8/gems/rack-1.1.0/lib/rack/lock.rb:11:in `call'
    /home/gt/.gem/ruby/1.8/gems/rack-1.1.0/lib/rack/lock.rb:11:in `synchronize'
    /home/gt/.gem/ruby/1.8/gems/rack-1.1.0/lib/rack/lock.rb:11:in `call'
    /home/gt/.gem/ruby/1.8/gems/actionpack-2.3.8/lib/action_controller/dispatcher.rb:114:in `call'
    /home/gt/.gem/ruby/1.8/gems/actionpack-2.3.8/lib/action_controller/reloader.rb:34:in `run'
    /home/gt/.gem/ruby/1.8/gems/actionpack-2.3.8/lib/action_controller/dispatcher.rb:108:in `call'
    /home/gt/.gem/ruby/1.8/gems/rails-2.3.8/lib/rails/rack/static.rb:31:in `call'
    /home/gt/.gem/ruby/1.8/gems/rack-1.1.0/lib/rack/urlmap.rb:47:in `call'
    /home/gt/.gem/ruby/1.8/gems/rack-1.1.0/lib/rack/urlmap.rb:41:in `each'
    /home/gt/.gem/ruby/1.8/gems/rack-1.1.0/lib/rack/urlmap.rb:41:in `call'
    /home/gt/.gem/ruby/1.8/gems/rails-2.3.8/lib/rails/rack/log_tailer.rb:17:in `call'
    /home/gt/.gem/ruby/1.8/gems/rack-1.1.0/lib/rack/content_length.rb:13:in `call'
    /home/gt/.gem/ruby/1.8/gems/rack-1.1.0/lib/rack/handler/webrick.rb:48:in `service'
    /usr/lib/ruby/1.8/webrick/httpserver.rb:104:in `service'
    /usr/lib/ruby/1.8/webrick/httpserver.rb:65:in `run'
    /usr/lib/ruby/1.8/webrick/server.rb:173:in `start_thread'
    /usr/lib/ruby/1.8/webrick/server.rb:162:in `start'
    /usr/lib/ruby/1.8/webrick/server.rb:162:in `start_thread'
    /usr/lib/ruby/1.8/webrick/server.rb:95:in `start'
    /usr/lib/ruby/1.8/webrick/server.rb:92:in `each'
    /usr/lib/ruby/1.8/webrick/server.rb:92:in `start'
    /usr/lib/ruby/1.8/webrick/server.rb:23:in `start'
    /usr/lib/ruby/1.8/webrick/server.rb:82:in `start'
    /home/gt/.gem/ruby/1.8/gems/rack-1.1.0/lib/rack/handler/webrick.rb:14:in `run'
    /home/gt/.gem/ruby/1.8/gems/rails-2.3.8/lib/commands/server.rb:111
    /usr/local/lib/site_ruby/1.8/rubygems/custom_require.rb:31:in `gem_original_require'
    /usr/local/lib/site_ruby/1.8/rubygems/custom_require.rb:31:in `require'
    script/server:3


Processing Rails::InfoController#properties (for 127.0.0.1 at 2010-07-08 13:07:43) [GET]
  [4;36;1mSQL (15.5ms)[0m   [0;1m SELECT name
 FROM sqlite_master
 WHERE type = 'table' AND NOT name = 'sqlite_sequence'
[0m
Completed in 114ms (View: 21, DB: 16) | 200 OK [http://localhost/rails/info/properties]
  [4;36;1mSQL (0.4ms)[0m   [0;1m SELECT name
 FROM sqlite_master
 WHERE type = 'table' AND NOT name = 'sqlite_sequence'
[0m
  [4;35;1mSQL (0.2ms)[0m   [0mselect sqlite_version(*)[0m
  [4;36;1mSQL (7.6ms)[0m   [0;1mCREATE TABLE "schema_migrations" ("version" varchar(255) NOT NULL) [0m
  [4;35;1mSQL (0.1ms)[0m   [0mPRAGMA index_list("schema_migrations")[0m
  [4;36;1mSQL (6.5ms)[0m   [0;1mCREATE UNIQUE INDEX "unique_schema_migrations" ON "schema_migrations" ("version")[0m
  [4;35;1mSQL (0.2ms)[0m   [0m SELECT name
 FROM sqlite_master
 WHERE type = 'table' AND NOT name = 'sqlite_sequence'
[0m
  [4;36;1mSQL (0.2ms)[0m   [0;1m SELECT name
 FROM sqlite_master
 WHERE type = 'table' AND NOT name = 'sqlite_sequence'
[0m
  [4;35;1mSQL (0.1ms)[0m   [0mSELECT version FROM schema_migrations[0m
  [4;36;1mSQL (0.2ms)[0m   [0;1m SELECT name
 FROM sqlite_master
 WHERE type = 'table' AND NOT name = 'sqlite_sequence'
[0m
